<?xml version="1.0" encoding="UTF-8"?>
<!-- Generated by org.testng.reporters.JUnitReportReporter -->
<testsuite hostname="DESKTOP-U605TIM" failures="0" tests="1" name="com.Demo.A" time="1.301" errors="0" timestamp="2024-11-12T18:17:06 IST" skipped="0">
  <testcase classname="com.Demo.A" name="login" time="1.301"/>
  <system-out/>
</testsuite> <!-- com.Demo.A -->
