<?xml version="1.0" encoding="UTF-8"?>
<!-- Generated by org.testng.reporters.JUnitReportReporter -->
<testsuite hostname="DESKTOP-U605TIM" failures="0" tests="1" name="Test_Ng.N_G" time="1.400" errors="0" timestamp="2024-11-07T18:59:54 IST" skipped="0">
  <testcase classname="Test_Ng.N_G" name="login" time="1.400"/>
  <system-out/>
</testsuite> <!-- Test_Ng.N_G -->
