<?xml version="1.0" encoding="UTF-8"?>
<!-- Generated by org.testng.reporters.JUnitReportReporter -->
<testsuite hostname="DESKTOP-U605TIM" failures="0" tests="1" name="Test_Ng.Xml_ex" time="1.293" errors="0" timestamp="2024-11-11T18:49:11 IST" skipped="0">
  <testcase classname="Test_Ng.Xml_ex" name="login" time="1.293"/>
  <system-out/>
</testsuite> <!-- Test_Ng.Xml_ex -->
