<?xml version="1.0" encoding="UTF-8"?>
<!-- Generated by org.testng.reporters.JUnitReportReporter -->
<testsuite hostname="DESKTOP-U605TIM" failures="0" tests="5" name="Test_Ng.Priority_Demo" time="0.013" errors="0" timestamp="2024-11-08T18:25:08 IST" skipped="0">
  <testcase classname="Test_Ng.Priority_Demo" name="div" time="0.008"/>
  <system-out/>
  <testcase classname="Test_Ng.Priority_Demo" name="mul" time="0.001"/>
  <system-out/>
  <testcase classname="Test_Ng.Priority_Demo" name="test" time="0.002"/>
  <system-out/>
  <testcase classname="Test_Ng.Priority_Demo" name="add" time="0.001"/>
  <system-out/>
  <testcase classname="Test_Ng.Priority_Demo" name="sub" time="0.001"/>
  <system-out/>
</testsuite> <!-- Test_Ng.Priority_Demo -->
