<?xml version="1.0" encoding="UTF-8"?>
<!-- Generated by org.testng.reporters.JUnitReportReporter -->
<testsuite hostname="DESKTOP-U605TIM" failures="0" tests="3" name="Test_Ng.Data_Provider" time="10.978" errors="0" timestamp="2024-11-08T18:21:19 IST" skipped="0">
  <testcase classname="Test_Ng.Data_Provider" name="login" time="3.836"/>
  <system-out/>
  <testcase classname="Test_Ng.Data_Provider" name="login" time="3.571"/>
  <system-out/>
  <testcase classname="Test_Ng.Data_Provider" name="login" time="3.571"/>
  <system-out/>
</testsuite> <!-- Test_Ng.Data_Provider -->
