<?xml version="1.0" encoding="UTF-8"?>
<!-- Generated by org.testng.reporters.JUnitReportReporter -->
<testsuite hostname="DESKTOP-U605TIM" failures="0" tests="3" name="Data_ProviderDemo" time="11.028" errors="0" timestamp="2024-11-11T18:13:49 IST" skipped="0">
  <testcase classname="Data_ProviderDemo" name="login" time="3.673"/>
  <system-out/>
  <testcase classname="Data_ProviderDemo" name="login" time="3.473"/>
  <system-out/>
  <testcase classname="Data_ProviderDemo" name="login" time="3.882"/>
  <system-out/>
</testsuite> <!-- Data_ProviderDemo -->
